\BOOKMARK [1][-]{section.1}{Einf\374hrung}{}% 1
\BOOKMARK [2][-]{subsection.1.1}{Was ist Ambient Computing?}{section.1}% 2
\BOOKMARK [2][-]{subsection.1.2}{Beispiele}{section.1}% 3
\BOOKMARK [2][-]{subsection.1.3}{Evolution von Computing}{section.1}% 4
\BOOKMARK [2][-]{subsection.1.4}{Wie weit soll man gehen?}{section.1}% 5
\BOOKMARK [1][-]{section.2}{Ambiente in der Computergeschichte}{}% 6
\BOOKMARK [2][-]{subsection.2.1}{Was ist ein idealer PC?}{section.2}% 7
\BOOKMARK [2][-]{subsection.2.2}{Influencer von Ambient Computing}{section.2}% 8
\BOOKMARK [2][-]{subsection.2.3}{Computer - Historische Entwicklung}{section.2}% 9
\BOOKMARK [1][-]{section.3}{Ubiquitous Computing}{}% 10
\BOOKMARK [2][-]{subsection.3.1}{Ubiquitousness / Allgegenw\344rtigkeit}{section.3}% 11
\BOOKMARK [2][-]{subsection.3.2}{Reality - Virtuality Continuum}{section.3}% 12
\BOOKMARK [3][-]{subsubsection.3.2.1}{Virtual Reality vs. Embodied Reality}{subsection.3.2}% 13
\BOOKMARK [2][-]{subsection.3.3}{ParcTab System}{section.3}% 14
\BOOKMARK [1][-]{section.4}{``xy''-Computing}{}% 15
\BOOKMARK [2][-]{subsection.4.1}{Mobile Computing}{section.4}% 16
\BOOKMARK [3][-]{subsubsection.4.1.1}{Smartphones}{subsection.4.1}% 17
\BOOKMARK [2][-]{subsection.4.2}{Pervasive Computing}{section.4}% 18
\BOOKMARK [2][-]{subsection.4.3}{Embedded Computing}{section.4}% 19
\BOOKMARK [2][-]{subsection.4.4}{Wearable Computing}{section.4}% 20
\BOOKMARK [3][-]{subsubsection.4.4.1}{Exkurs: Cyborg}{subsection.4.4}% 21
\BOOKMARK [3][-]{subsubsection.4.4.2}{Mobilit\344t vs. Engebettheit}{subsection.4.4}% 22
\BOOKMARK [2][-]{subsection.4.5}{Ubiquitpus Computing}{section.4}% 23
\BOOKMARK [2][-]{subsection.4.6}{Invisible Computing}{section.4}% 24
\BOOKMARK [2][-]{subsection.4.7}{Calm Computing}{section.4}% 25
\BOOKMARK [2][-]{subsection.4.8}{Disappearing Computing}{section.4}% 26
\BOOKMARK [2][-]{subsection.4.9}{Organic Computing}{section.4}% 27
\BOOKMARK [1][-]{section.5}{Miniaturisierung}{}% 28
\BOOKMARK [2][-]{subsection.5.1}{Moore'sches Gesetz}{section.5}% 29
\BOOKMARK [2][-]{subsection.5.2}{Sensorknoten}{section.5}% 30
\BOOKMARK [2][-]{subsection.5.3}{Smart Dust}{section.5}% 31
\BOOKMARK [2][-]{subsection.5.4}{Speicherkapazit\344t}{section.5}% 32
\BOOKMARK [2][-]{subsection.5.5}{Singularit\344t}{section.5}% 33
\BOOKMARK [2][-]{subsection.5.6}{Gefahren des exponentiellen Wachstums in der Wirtschaft}{section.5}% 34
\BOOKMARK [2][-]{subsection.5.7}{Nanoroboter}{section.5}% 35
\BOOKMARK [1][-]{section.6}{Wearable Computing}{}% 36
\BOOKMARK [2][-]{subsection.6.1}{Formfaktoren}{section.6}% 37
\BOOKMARK [2][-]{subsection.6.2}{Herausforderungen}{section.6}% 38
\BOOKMARK [1][-]{section.7}{Smart Clothes}{}% 39
\BOOKMARK [1][-]{section.8}{Energy Harvesting}{}% 40
\BOOKMARK [2][-]{subsection.8.1}{Koomey'sches Gesetz}{section.8}% 41
\BOOKMARK [2][-]{subsection.8.2}{Jevon's Paradoxon \(Rebound Effekt\)}{section.8}% 42
\BOOKMARK [2][-]{subsection.8.3}{Das Energie-Problem}{section.8}% 43
\BOOKMARK [2][-]{subsection.8.4}{M\366gliche L\366sungen}{section.8}% 44
\BOOKMARK [3][-]{subsubsection.8.4.1}{Mensch als Quelle}{subsection.8.4}% 45
\BOOKMARK [1][-]{section.9}{Neue Materialien und Formen}{}% 46
\BOOKMARK [2][-]{subsection.9.1}{Electronische Tinte / Papier}{section.9}% 47
\BOOKMARK [2][-]{subsection.9.2}{Neue Formen}{section.9}% 48
\BOOKMARK [2][-]{subsection.9.3}{Konvergenz von Funktionen}{section.9}% 49
\BOOKMARK [2][-]{subsection.9.4}{Modulares Design}{section.9}% 50
\BOOKMARK [2][-]{subsection.9.5}{Displays}{section.9}% 51
\BOOKMARK [1][-]{section.10}{Wearables}{}% 52
\BOOKMARK [1][-]{section.11}{Smarte Kleidung}{}% 53
\BOOKMARK [1][-]{section.12}{Kontektbewusstsein}{}% 54
\BOOKMARK [2][-]{subsection.12.1}{Was ist Kontext?}{section.12}% 55
\BOOKMARK [2][-]{subsection.12.2}{Kontextbewusstsein}{section.12}% 56
\BOOKMARK [2][-]{subsection.12.3}{Kontextmodellierung und Anschaffung}{section.12}% 57
\BOOKMARK [2][-]{subsection.12.4}{Sensortypen}{section.12}% 58
\BOOKMARK [1][-]{section.13}{Kontext-Bewusste Software Architekturen}{}% 59
\BOOKMARK [2][-]{subsection.13.1}{Frameworks und Toolkits}{section.13}% 60
\BOOKMARK [3][-]{subsubsection.13.1.1}{Widget-basierte Systeme}{subsection.13.1}% 61
\BOOKMARK [3][-]{subsubsection.13.1.2}{Blackboard-basierte Systeme}{subsection.13.1}% 62
\BOOKMARK [3][-]{subsubsection.13.1.3}{Was ist nun besser?}{subsection.13.1}% 63
\BOOKMARK [2][-]{subsection.13.2}{Ambient DynamiX}{section.13}% 64
\BOOKMARK [2][-]{subsection.13.3}{Ambient Web}{section.13}% 65
\BOOKMARK [1][-]{section.14}{Identifikation}{}% 66
\BOOKMARK [2][-]{subsection.14.1}{Entit\344t, Identit\344t?}{section.14}% 67
\BOOKMARK [2][-]{subsection.14.2}{Objekt, Subjekt?}{section.14}% 68
\BOOKMARK [2][-]{subsection.14.3}{Identifikations-Technologien}{section.14}% 69
\BOOKMARK [3][-]{subsubsection.14.3.1}{Visual Microphone}{subsection.14.3}% 70
\BOOKMARK [3][-]{subsubsection.14.3.2}{Radio Frequency IDentification}{subsection.14.3}% 71
\BOOKMARK [3][-]{subsubsection.14.3.3}{Transpondertypen}{subsection.14.3}% 72
\BOOKMARK [2][-]{subsection.14.4}{Wozu?}{section.14}% 73
\BOOKMARK [1][-]{section.15}{Ambiente Interaktion}{}% 74
\BOOKMARK [2][-]{subsection.15.1}{Touch Interfaces}{section.15}% 75
\BOOKMARK [2][-]{subsection.15.2}{Tangible Media \(TUI\)}{section.15}% 76
\BOOKMARK [2][-]{subsection.15.3}{Ambient Awareness}{section.15}% 77
\BOOKMARK [2][-]{subsection.15.4}{TUI Projekte}{section.15}% 78
\BOOKMARK [2][-]{subsection.15.5}{OUI}{section.15}% 79
\BOOKMARK [1][-]{section.16}{Smart Spaces}{}% 80
\BOOKMARK [2][-]{subsection.16.1}{Smart Kitchen}{section.16}% 81
\BOOKMARK [2][-]{subsection.16.2}{Persuasive Interfaces}{section.16}% 82
\BOOKMARK [2][-]{subsection.16.3}{Smart Spaces?}{section.16}% 83
\BOOKMARK [3][-]{subsubsection.16.3.1}{Smart Home}{subsection.16.3}% 84
\BOOKMARK [3][-]{subsubsection.16.3.2}{Smart Museum}{subsection.16.3}% 85
\BOOKMARK [3][-]{subsubsection.16.3.3}{Smart Neighborhood}{subsection.16.3}% 86
\BOOKMARK [3][-]{subsubsection.16.3.4}{Smart City}{subsection.16.3}% 87
\BOOKMARK [1][-]{section.17}{Ethical, Legal and Social Implications}{}% 88
\BOOKMARK [2][-]{subsection.17.1}{Legalit\344t}{section.17}% 89
\BOOKMARK [2][-]{subsection.17.2}{Datensicherheit}{section.17}% 90
\BOOKMARK [2][-]{subsection.17.3}{Privatsph\344re}{section.17}% 91
\BOOKMARK [2][-]{subsection.17.4}{Privatsph\344re in UbiComp}{section.17}% 92
\BOOKMARK [2][-]{subsection.17.5}{Nachhaltigkeit}{section.17}% 93
\BOOKMARK [2][-]{subsection.17.6}{Soziale Implikationen}{section.17}% 94
\BOOKMARK [3][-]{subsubsection.17.6.1}{Intelligenz vs. Smartness}{subsection.17.6}% 95
