\BOOKMARK [1][-]{section.1}{Einf\374hrung}{}% 1
\BOOKMARK [2][-]{subsection.1.1}{Sensorknoten?}{section.1}% 2
\BOOKMARK [2][-]{subsection.1.2}{Sensornetz?}{section.1}% 3
\BOOKMARK [2][-]{subsection.1.3}{Anwendungen?}{section.1}% 4
\BOOKMARK [2][-]{subsection.1.4}{Vorlesung}{section.1}% 5
\BOOKMARK [2][-]{subsection.1.5}{5G}{section.1}% 6
\BOOKMARK [3][-]{subsubsection.1.5.1}{Kanalb\374ndelung und Small Cells}{subsection.1.5}% 7
\BOOKMARK [3][-]{subsubsection.1.5.2}{MIMO: Massive Multiple Input Multiple Output}{subsection.1.5}% 8
\BOOKMARK [3][-]{subsubsection.1.5.3}{Versteigerung}{subsection.1.5}% 9
\BOOKMARK [2][-]{subsection.1.6}{Betrachtete Netze}{section.1}% 10
\BOOKMARK [1][-]{section.2}{Anwendungen}{}% 11
\BOOKMARK [2][-]{subsection.2.1}{Mikroklima}{section.2}% 12
\BOOKMARK [3][-]{subsubsection.2.1.1}{System \334berblick}{subsection.2.1}% 13
\BOOKMARK [3][-]{subsubsection.2.1.2}{Fazit}{subsection.2.1}% 14
\BOOKMARK [2][-]{subsection.2.2}{Brutverhalten}{section.2}% 15
\BOOKMARK [3][-]{subsubsection.2.2.1}{Architektur}{subsection.2.2}% 16
\BOOKMARK [3][-]{subsubsection.2.2.2}{Fazit}{subsection.2.2}% 17
\BOOKMARK [2][-]{subsection.2.3}{Cane Toad \334berwachung}{section.2}% 18
\BOOKMARK [3][-]{subsubsection.2.3.1}{Architektur}{subsection.2.3}% 19
\BOOKMARK [3][-]{subsubsection.2.3.2}{Fazit}{subsection.2.3}% 20
\BOOKMARK [2][-]{subsection.2.4}{Vulkane}{section.2}% 21
\BOOKMARK [3][-]{subsubsection.2.4.1}{Architektur}{subsection.2.4}% 22
\BOOKMARK [3][-]{subsubsection.2.4.2}{Fazit}{subsection.2.4}% 23
\BOOKMARK [2][-]{subsection.2.5}{Gletscher}{section.2}% 24
\BOOKMARK [3][-]{subsubsection.2.5.1}{Architektur}{subsection.2.5}% 25
\BOOKMARK [3][-]{subsubsection.2.5.2}{Fazit}{subsection.2.5}% 26
\BOOKMARK [2][-]{subsection.2.6}{Lokalisierung von Sch\374ssen}{section.2}% 27
\BOOKMARK [3][-]{subsubsection.2.6.1}{Positionsbestimmung}{subsection.2.6}% 28
\BOOKMARK [3][-]{subsubsection.2.6.2}{Fazit}{subsection.2.6}% 29
\BOOKMARK [2][-]{subsection.2.7}{Funktionalit\344t und Herausforderung}{section.2}% 30
\BOOKMARK [1][-]{section.3}{Hardware}{}% 31
\BOOKMARK [2][-]{subsection.3.1}{Motes}{section.3}% 32
\BOOKMARK [2][-]{subsection.3.2}{Prozessor}{section.3}% 33
\BOOKMARK [2][-]{subsection.3.3}{Kommunikation}{section.3}% 34
\BOOKMARK [2][-]{subsection.3.4}{Sensoren}{section.3}% 35
\BOOKMARK [2][-]{subsection.3.5}{Energieversorgung}{section.3}% 36
\BOOKMARK [3][-]{subsubsection.3.5.1}{Energiegewinnung}{subsection.3.5}% 37
\BOOKMARK [3][-]{subsubsection.3.5.2}{Energieverbrauch}{subsection.3.5}% 38
\BOOKMARK [2][-]{subsection.3.6}{Miniaturisierung}{section.3}% 39
\BOOKMARK [1][-]{section.4}{Betriebssysteme}{}% 40
\BOOKMARK [2][-]{subsection.4.1}{Nebenl\344ufigkeit}{section.4}% 41
\BOOKMARK [3][-]{subsubsection.4.1.1}{Speicherverwaltung}{subsection.4.1}% 42
\BOOKMARK [2][-]{subsection.4.2}{Kommunikation}{section.4}% 43
\BOOKMARK [2][-]{subsection.4.3}{TinyOS}{section.4}% 44
\BOOKMARK [2][-]{subsection.4.4}{Events: Freund oder Feind?}{section.4}% 45
\BOOKMARK [2][-]{subsection.4.5}{OSM, andere}{section.4}% 46
\BOOKMARK [1][-]{section.5}{Vernetzung von Sensoren}{}% 47
\BOOKMARK [2][-]{subsection.5.1}{Senken}{section.5}% 48
\BOOKMARK [3][-]{subsubsection.5.1.1}{Sensor Internet}{subsection.5.1}% 49
\BOOKMARK [3][-]{subsubsection.5.1.2}{Sensor-Aktor-Netze}{subsection.5.1}% 50
\BOOKMARK [1][-]{section.6}{Bit\374bertragung und Sicherung}{}% 51
\BOOKMARK [2][-]{subsection.6.1}{Frequenzbereiche}{section.6}% 52
\BOOKMARK [2][-]{subsection.6.2}{Modulation}{section.6}% 53
\BOOKMARK [3][-]{subsubsection.6.2.1}{Probleme}{subsection.6.2}% 54
\BOOKMARK [3][-]{subsubsection.6.2.2}{Synchronisation}{subsection.6.2}% 55
\BOOKMARK [2][-]{subsection.6.3}{Sicherung}{section.6}% 56
\BOOKMARK [3][-]{subsubsection.6.3.1}{Backward Error Control}{subsection.6.3}% 57
\BOOKMARK [3][-]{subsubsection.6.3.2}{Forward Error Control}{subsection.6.3}% 58
\BOOKMARK [2][-]{subsection.6.4}{Framing}{section.6}% 59
\BOOKMARK [2][-]{subsection.6.5}{Link Management}{section.6}% 60
\BOOKMARK [1][-]{section.7}{Medienzugriff}{}% 61
\BOOKMARK [2][-]{subsection.7.1}{Probleme}{section.7}% 62
\BOOKMARK [2][-]{subsection.7.2}{Kollisionen}{section.7}% 63
\BOOKMARK [2][-]{subsection.7.3}{Verkehrsaufkommen}{section.7}% 64
\BOOKMARK [2][-]{subsection.7.4}{MAC Einf\374hrung}{section.7}% 65
\BOOKMARK [2][-]{subsection.7.5}{Carrier Sense Multiple Access/Collision Avoidance}{section.7}% 66
\BOOKMARK [2][-]{subsection.7.6}{S-MAC}{section.7}% 67
\BOOKMARK [2][-]{subsection.7.7}{Timeout MAC}{section.7}% 68
\BOOKMARK [2][-]{subsection.7.8}{B-MAC}{section.7}% 69
\BOOKMARK [2][-]{subsection.7.9}{IEEE 802.15.4 ``ZigBee''}{section.7}% 70
\BOOKMARK [3][-]{subsubsection.7.9.1}{Beacon Mode}{subsection.7.9}% 71
